<?xml version="1.0" encoding="UTF-8"?>
<testsuite xmlns:xsi="http://www.w3.org/2001/XMLSchema-instance" xsi:noNamespaceSchemaLocation="https://maven.apache.org/surefire/maven-surefire-plugin/xsd/surefire-test-report-3.0.xsd" version="3.0" name="TestSuite" time="1.756" tests="7" errors="0" skipped="0" failures="7">
  <properties>
[...]
</properties>
  <testcase name="runScenario[&quot;Verify Favourites functionality&quot;, &quot;Optional[BO user Test cases]&quot;](1)" classname="RunCukesTest" time="0.354">
    <failure message="Unable to provision, see the following errors:&#10;&#10;1) [Guice/ErrorInjectingConstructor]: PegaWebDriverException: Please check for Global Settings Properties file path&#10;Build info: version: &apos;4.2.2&apos;, revision: &apos;683ccb65d6&apos;&#10;System info: host: &apos;JAYABALAJI&apos;, ip: &apos;192.168.1.18&apos;, os.name: &apos;Windows 11&apos;, os.arch: &apos;amd64&apos;, os.version: &apos;10.0&apos;, java.version: &apos;21.0.2&apos;&#10;Driver info: driver.version: unknown&#10;  at CRMTestEnvironment.&lt;init&gt;(CRMTestEnvironment.java:42)&#10;  at CRMTestEnvironment.class(CRMTestEnvironment.java:42)&#10;  while locating CRMTestEnvironment&#10;&#10;Learn more:&#10;  https://github.com/google/guice/wiki/ERROR_INJECTING_CONSTRUCTOR&#10;&#10;1 error&#10;&#10;======================&#10;Full classname legend:&#10;======================&#10;CRMTestEnvironment:     &quot;com.pega.CRMTestEnvironment&quot;&#10;PegaWebDriverException: &quot;com.pega.exceptions.PegaWebDriverException&quot;&#10;========================&#10;End of classname legend:&#10;========================&#10;" type="com.google.inject.ProvisionException"><![CDATA[com.google.inject.ProvisionException: 
Unable to provision, see the following errors:

1) [Guice/ErrorInjectingConstructor]: PegaWebDriverException: Please check for Global Settings Properties file path
Build info: version: '4.2.2', revision: '683ccb65d6'
System info: host: 'JAYABALAJI', ip: '192.168.1.18', os.name: 'Windows 11', os.arch: 'amd64', os.version: '10.0', java.version: '21.0.2'
Driver info: driver.version: unknown
  at CRMTestEnvironment.<init>(CRMTestEnvironment.java:42)
  at CRMTestEnvironment.class(CRMTestEnvironment.java:42)
  while locating CRMTestEnvironment

Learn more:
  https://github.com/google/guice/wiki/ERROR_INJECTING_CONSTRUCTOR

1 error

======================
Full classname legend:
======================
CRMTestEnvironment:     "com.pega.CRMTestEnvironment"
PegaWebDriverException: "com.pega.exceptions.PegaWebDriverException"
========================
End of classname legend:
========================

	at com.google.inject.internal.InternalProvisionException.toProvisionException(InternalProvisionException.java:251)
	at com.google.inject.internal.InjectorImpl$1.get(InjectorImpl.java:1151)
	at com.google.inject.internal.InjectorImpl.getInstance(InjectorImpl.java:1186)
	at io.cucumber.guice.GuiceFactory.getInstance(GuiceFactory.java:83)
	at io.cucumber.java.AbstractGlueDefinition.invokeMethod(AbstractGlueDefinition.java:47)
	at io.cucumber.java.JavaHookDefinition.execute(JavaHookDefinition.java:64)
	at io.cucumber.core.runner.CoreHookDefinition.execute(CoreHookDefinition.java:46)
	at io.cucumber.core.runner.HookDefinitionMatch.runStep(HookDefinitionMatch.java:21)
	at io.cucumber.core.runner.ExecutionMode$1.execute(ExecutionMode.java:10)
	at io.cucumber.core.runner.TestStep.executeStep(TestStep.java:86)
	at io.cucumber.core.runner.TestStep.run(TestStep.java:57)
	at io.cucumber.core.runner.TestCase.run(TestCase.java:89)
	at io.cucumber.core.runner.Runner.runPickle(Runner.java:75)
	at io.cucumber.testng.TestNGCucumberRunner.lambda$runScenario$1(TestNGCucumberRunner.java:132)
	at io.cucumber.core.runtime.CucumberExecutionContext.lambda$runTestCase$3(CucumberExecutionContext.java:151)
	at io.cucumber.core.runtime.RethrowingThrowableCollector.executeAndThrow(RethrowingThrowableCollector.java:23)
	at io.cucumber.core.runtime.CucumberExecutionContext.runTestCase(CucumberExecutionContext.java:151)
	at io.cucumber.testng.TestNGCucumberRunner.runScenario(TestNGCucumberRunner.java:129)
	at io.cucumber.testng.AbstractTestNGCucumberTests.runScenario(AbstractTestNGCucumberTests.java:35)
	at java.base/jdk.internal.reflect.DirectMethodHandleAccessor.invoke(DirectMethodHandleAccessor.java:103)
	at java.base/java.lang.reflect.Method.invoke(Method.java:580)
	at org.testng.internal.MethodInvocationHelper.invokeMethod(MethodInvocationHelper.java:132)
	at org.testng.internal.TestInvoker.invokeMethod(TestInvoker.java:599)
	at org.testng.internal.TestInvoker.invokeTestMethod(TestInvoker.java:174)
	at org.testng.internal.MethodRunner.runInSequence(MethodRunner.java:46)
	at org.testng.internal.TestInvoker$MethodInvocationAgent.invoke(TestInvoker.java:822)
	at org.testng.internal.TestInvoker.invokeTestMethods(TestInvoker.java:147)
	at org.testng.internal.TestMethodWorker.invokeTestMethods(TestMethodWorker.java:146)
	at org.testng.internal.TestMethodWorker.run(TestMethodWorker.java:128)
	at java.base/java.util.ArrayList.forEach(ArrayList.java:1596)
	at org.testng.TestRunner.privateRun(TestRunner.java:764)
	at org.testng.TestRunner.run(TestRunner.java:585)
	at org.testng.SuiteRunner.runTest(SuiteRunner.java:384)
	at org.testng.SuiteRunner.runSequentially(SuiteRunner.java:378)
	at org.testng.SuiteRunner.privateRun(SuiteRunner.java:337)
	at org.testng.SuiteRunner.run(SuiteRunner.java:286)
	at org.testng.SuiteRunnerWorker.runSuite(SuiteRunnerWorker.java:53)
	at org.testng.SuiteRunnerWorker.run(SuiteRunnerWorker.java:96)
	at org.testng.TestNG.runSuitesSequentially(TestNG.java:1218)
	at org.testng.TestNG.runSuitesLocally(TestNG.java:1140)
	at org.testng.TestNG.runSuites(TestNG.java:1069)
	at org.testng.TestNG.run(TestNG.java:1037)
	at org.apache.maven.surefire.testng.TestNGExecutor.run(TestNGExecutor.java:151)
	at org.apache.maven.surefire.testng.TestNGDirectoryTestSuite.executeMulti(TestNGDirectoryTestSuite.java:192)
	at org.apache.maven.surefire.testng.TestNGDirectoryTestSuite.execute(TestNGDirectoryTestSuite.java:93)
	at org.apache.maven.surefire.testng.TestNGProvider.invoke(TestNGProvider.java:155)
	at org.apache.maven.surefire.booter.ForkedBooter.runSuitesInProcess(ForkedBooter.java:456)
	at org.apache.maven.surefire.booter.ForkedBooter.execute(ForkedBooter.java:169)
	at org.apache.maven.surefire.booter.ForkedBooter.run(ForkedBooter.java:595)
	at org.apache.maven.surefire.booter.ForkedBooter.main(ForkedBooter.java:581)
Caused by: com.pega.exceptions.PegaWebDriverException: Please check for Global Settings Properties file path
Build info: version: '4.2.2', revision: '683ccb65d6'
System info: host: 'JAYABALAJI', ip: '192.168.1.18', os.name: 'Windows 11', os.arch: 'amd64', os.version: '10.0', java.version: '21.0.2'
Driver info: driver.version: unknown
	at com.pega.ConfigurationImpl.<init>(ConfigurationImpl.java:62)
	at com.pega.TestEnvironmentImpl.getConfiguration(TestEnvironmentImpl.java:308)
	at com.pega.TestEnvironmentImpl.<init>(TestEnvironmentImpl.java:79)
	at com.pega.config.test.TestBase.<init>(TestBase.java:41)
	at com.pega.CRMTestEnvironment.<init>(CRMTestEnvironment.java:42)
	at com.pega.CRMTestEnvironment$$FastClassByGuice$$2054c.GUICE$TRAMPOLINE(<generated>)
	at com.pega.CRMTestEnvironment$$FastClassByGuice$$2054c.apply(<generated>)
	at com.google.inject.internal.DefaultConstructionProxyFactory$FastClassProxy.newInstance(DefaultConstructionProxyFactory.java:82)
	at com.google.inject.internal.ConstructorInjector.provision(ConstructorInjector.java:114)
	at com.google.inject.internal.ConstructorInjector.construct(ConstructorInjector.java:91)
	at com.google.inject.internal.ConstructorBindingImpl$Factory.get(ConstructorBindingImpl.java:300)
	at com.google.inject.internal.ProviderToInternalFactoryAdapter.get(ProviderToInternalFactoryAdapter.java:40)
	at io.cucumber.guice.SequentialScenarioScope.lambda$scope$0(SequentialScenarioScope.java:40)
	at com.google.inject.internal.InternalFactoryToProviderAdapter.get(InternalFactoryToProviderAdapter.java:45)
	at com.google.inject.internal.InjectorImpl$1.get(InjectorImpl.java:1148)
	... 48 more
Caused by: java.io.FileNotFoundException: Data\GlobalProperties.properties (The system cannot find the file specified)
	at java.base/java.io.FileInputStream.open0(Native Method)
	at java.base/java.io.FileInputStream.open(FileInputStream.java:213)
	at java.base/java.io.FileInputStream.<init>(FileInputStream.java:152)
	at com.pega.ConfigurationImpl.<init>(ConfigurationImpl.java:60)
	... 62 more
]]></failure>
    <system-err><![CDATA[Mar 06, 2024 3:20:27 PM io.cucumber.guice.InjectorSourceFactory loadInjectorSourceFromProperties
WARNING: The 'guice.injector-source' property has been deprecated.Add a class implementing 'io.cucumber.guice.InjectorSource' on the glue path instead
]]></system-err>
  </testcase>
  <testcase name="runScenario[&quot;Validation when Account is switched from Individual to Commercial&quot;, &quot;Optional[Demo Interaction Test cases]&quot;](2)" classname="RunCukesTest" time="0.023">
    <failure message="Unable to provision, see the following errors:&#10;&#10;1) [Guice/ErrorInjectingConstructor]: PegaWebDriverException: Please check for Global Settings Properties file path&#10;Build info: version: &apos;4.2.2&apos;, revision: &apos;683ccb65d6&apos;&#10;System info: host: &apos;JAYABALAJI&apos;, ip: &apos;192.168.1.18&apos;, os.name: &apos;Windows 11&apos;, os.arch: &apos;amd64&apos;, os.version: &apos;10.0&apos;, java.version: &apos;21.0.2&apos;&#10;Driver info: driver.version: unknown&#10;  at CRMTestEnvironment.&lt;init&gt;(CRMTestEnvironment.java:42)&#10;  at CRMTestEnvironment.class(CRMTestEnvironment.java:42)&#10;  while locating CRMTestEnvironment&#10;&#10;Learn more:&#10;  https://github.com/google/guice/wiki/ERROR_INJECTING_CONSTRUCTOR&#10;&#10;1 error&#10;&#10;======================&#10;Full classname legend:&#10;======================&#10;CRMTestEnvironment:     &quot;com.pega.CRMTestEnvironment&quot;&#10;PegaWebDriverException: &quot;com.pega.exceptions.PegaWebDriverException&quot;&#10;========================&#10;End of classname legend:&#10;========================&#10;" type="com.google.inject.ProvisionException"><![CDATA[com.google.inject.ProvisionException: 
Unable to provision, see the following errors:

1) [Guice/ErrorInjectingConstructor]: PegaWebDriverException: Please check for Global Settings Properties file path
Build info: version: '4.2.2', revision: '683ccb65d6'
System info: host: 'JAYABALAJI', ip: '192.168.1.18', os.name: 'Windows 11', os.arch: 'amd64', os.version: '10.0', java.version: '21.0.2'
Driver info: driver.version: unknown
  at CRMTestEnvironment.<init>(CRMTestEnvironment.java:42)
  at CRMTestEnvironment.class(CRMTestEnvironment.java:42)
  while locating CRMTestEnvironment

Learn more:
  https://github.com/google/guice/wiki/ERROR_INJECTING_CONSTRUCTOR

1 error

======================
Full classname legend:
======================
CRMTestEnvironment:     "com.pega.CRMTestEnvironment"
PegaWebDriverException: "com.pega.exceptions.PegaWebDriverException"
========================
End of classname legend:
========================

	at com.google.inject.internal.InternalProvisionException.toProvisionException(InternalProvisionException.java:251)
	at com.google.inject.internal.InjectorImpl$1.get(InjectorImpl.java:1151)
	at com.google.inject.internal.InjectorImpl.getInstance(InjectorImpl.java:1186)
	at io.cucumber.guice.GuiceFactory.getInstance(GuiceFactory.java:83)
	at io.cucumber.java.AbstractGlueDefinition.invokeMethod(AbstractGlueDefinition.java:47)
	at io.cucumber.java.JavaHookDefinition.execute(JavaHookDefinition.java:64)
	at io.cucumber.core.runner.CoreHookDefinition.execute(CoreHookDefinition.java:46)
	at io.cucumber.core.runner.HookDefinitionMatch.runStep(HookDefinitionMatch.java:21)
	at io.cucumber.core.runner.ExecutionMode$1.execute(ExecutionMode.java:10)
	at io.cucumber.core.runner.TestStep.executeStep(TestStep.java:86)
	at io.cucumber.core.runner.TestStep.run(TestStep.java:57)
	at io.cucumber.core.runner.TestCase.run(TestCase.java:89)
	at io.cucumber.core.runner.Runner.runPickle(Runner.java:75)
	at io.cucumber.testng.TestNGCucumberRunner.lambda$runScenario$1(TestNGCucumberRunner.java:132)
	at io.cucumber.core.runtime.CucumberExecutionContext.lambda$runTestCase$3(CucumberExecutionContext.java:151)
	at io.cucumber.core.runtime.RethrowingThrowableCollector.executeAndThrow(RethrowingThrowableCollector.java:23)
	at io.cucumber.core.runtime.CucumberExecutionContext.runTestCase(CucumberExecutionContext.java:151)
	at io.cucumber.testng.TestNGCucumberRunner.runScenario(TestNGCucumberRunner.java:129)
	at io.cucumber.testng.AbstractTestNGCucumberTests.runScenario(AbstractTestNGCucumberTests.java:35)
	at java.base/jdk.internal.reflect.DirectMethodHandleAccessor.invoke(DirectMethodHandleAccessor.java:103)
	at java.base/java.lang.reflect.Method.invoke(Method.java:580)
	at org.testng.internal.MethodInvocationHelper.invokeMethod(MethodInvocationHelper.java:132)
	at org.testng.internal.TestInvoker.invokeMethod(TestInvoker.java:599)
	at org.testng.internal.TestInvoker.invokeTestMethod(TestInvoker.java:174)
	at org.testng.internal.MethodRunner.runInSequence(MethodRunner.java:46)
	at org.testng.internal.TestInvoker$MethodInvocationAgent.invoke(TestInvoker.java:822)
	at org.testng.internal.TestInvoker.invokeTestMethods(TestInvoker.java:147)
	at org.testng.internal.TestMethodWorker.invokeTestMethods(TestMethodWorker.java:146)
	at org.testng.internal.TestMethodWorker.run(TestMethodWorker.java:128)
	at java.base/java.util.ArrayList.forEach(ArrayList.java:1596)
	at org.testng.TestRunner.privateRun(TestRunner.java:764)
	at org.testng.TestRunner.run(TestRunner.java:585)
	at org.testng.SuiteRunner.runTest(SuiteRunner.java:384)
	at org.testng.SuiteRunner.runSequentially(SuiteRunner.java:378)
	at org.testng.SuiteRunner.privateRun(SuiteRunner.java:337)
	at org.testng.SuiteRunner.run(SuiteRunner.java:286)
	at org.testng.SuiteRunnerWorker.runSuite(SuiteRunnerWorker.java:53)
	at org.testng.SuiteRunnerWorker.run(SuiteRunnerWorker.java:96)
	at org.testng.TestNG.runSuitesSequentially(TestNG.java:1218)
	at org.testng.TestNG.runSuitesLocally(TestNG.java:1140)
	at org.testng.TestNG.runSuites(TestNG.java:1069)
	at org.testng.TestNG.run(TestNG.java:1037)
	at org.apache.maven.surefire.testng.TestNGExecutor.run(TestNGExecutor.java:151)
	at org.apache.maven.surefire.testng.TestNGDirectoryTestSuite.executeMulti(TestNGDirectoryTestSuite.java:192)
	at org.apache.maven.surefire.testng.TestNGDirectoryTestSuite.execute(TestNGDirectoryTestSuite.java:93)
	at org.apache.maven.surefire.testng.TestNGProvider.invoke(TestNGProvider.java:155)
	at org.apache.maven.surefire.booter.ForkedBooter.runSuitesInProcess(ForkedBooter.java:456)
	at org.apache.maven.surefire.booter.ForkedBooter.execute(ForkedBooter.java:169)
	at org.apache.maven.surefire.booter.ForkedBooter.run(ForkedBooter.java:595)
	at org.apache.maven.surefire.booter.ForkedBooter.main(ForkedBooter.java:581)
Caused by: com.pega.exceptions.PegaWebDriverException: Please check for Global Settings Properties file path
Build info: version: '4.2.2', revision: '683ccb65d6'
System info: host: 'JAYABALAJI', ip: '192.168.1.18', os.name: 'Windows 11', os.arch: 'amd64', os.version: '10.0', java.version: '21.0.2'
Driver info: driver.version: unknown
	at com.pega.ConfigurationImpl.<init>(ConfigurationImpl.java:62)
	at com.pega.TestEnvironmentImpl.getConfiguration(TestEnvironmentImpl.java:308)
	at com.pega.TestEnvironmentImpl.<init>(TestEnvironmentImpl.java:79)
	at com.pega.config.test.TestBase.<init>(TestBase.java:41)
	at com.pega.CRMTestEnvironment.<init>(CRMTestEnvironment.java:42)
	at com.pega.CRMTestEnvironment$$FastClassByGuice$$2054c.GUICE$TRAMPOLINE(<generated>)
	at com.pega.CRMTestEnvironment$$FastClassByGuice$$2054c.apply(<generated>)
	at com.google.inject.internal.DefaultConstructionProxyFactory$FastClassProxy.newInstance(DefaultConstructionProxyFactory.java:82)
	at com.google.inject.internal.ConstructorInjector.provision(ConstructorInjector.java:114)
	at com.google.inject.internal.ConstructorInjector.construct(ConstructorInjector.java:91)
	at com.google.inject.internal.ConstructorBindingImpl$Factory.get(ConstructorBindingImpl.java:300)
	at com.google.inject.internal.ProviderToInternalFactoryAdapter.get(ProviderToInternalFactoryAdapter.java:40)
	at io.cucumber.guice.SequentialScenarioScope.lambda$scope$0(SequentialScenarioScope.java:40)
	at com.google.inject.internal.InternalFactoryToProviderAdapter.get(InternalFactoryToProviderAdapter.java:45)
	at com.google.inject.internal.InjectorImpl$1.get(InjectorImpl.java:1148)
	... 48 more
Caused by: java.io.FileNotFoundException: Data\GlobalProperties.properties (The system cannot find the file specified)
	at java.base/java.io.FileInputStream.open0(Native Method)
	at java.base/java.io.FileInputStream.open(FileInputStream.java:213)
	at java.base/java.io.FileInputStream.<init>(FileInputStream.java:152)
	at com.pega.ConfigurationImpl.<init>(ConfigurationImpl.java:60)
	... 62 more
]]></failure>
  </testcase>
  <testcase name="runScenario[&quot;Verify all the options present under account and Create Lead for user&quot;, &quot;Optional[Demo Interaction Test cases]&quot;](3)" classname="RunCukesTest" time="0.021">
    <failure message="Unable to provision, see the following errors:&#10;&#10;1) [Guice/ErrorInjectingConstructor]: PegaWebDriverException: Please check for Global Settings Properties file path&#10;Build info: version: &apos;4.2.2&apos;, revision: &apos;683ccb65d6&apos;&#10;System info: host: &apos;JAYABALAJI&apos;, ip: &apos;192.168.1.18&apos;, os.name: &apos;Windows 11&apos;, os.arch: &apos;amd64&apos;, os.version: &apos;10.0&apos;, java.version: &apos;21.0.2&apos;&#10;Driver info: driver.version: unknown&#10;  at CRMTestEnvironment.&lt;init&gt;(CRMTestEnvironment.java:42)&#10;  at CRMTestEnvironment.class(CRMTestEnvironment.java:42)&#10;  while locating CRMTestEnvironment&#10;&#10;Learn more:&#10;  https://github.com/google/guice/wiki/ERROR_INJECTING_CONSTRUCTOR&#10;&#10;1 error&#10;&#10;======================&#10;Full classname legend:&#10;======================&#10;CRMTestEnvironment:     &quot;com.pega.CRMTestEnvironment&quot;&#10;PegaWebDriverException: &quot;com.pega.exceptions.PegaWebDriverException&quot;&#10;========================&#10;End of classname legend:&#10;========================&#10;" type="com.google.inject.ProvisionException"><![CDATA[com.google.inject.ProvisionException: 
Unable to provision, see the following errors:

1) [Guice/ErrorInjectingConstructor]: PegaWebDriverException: Please check for Global Settings Properties file path
Build info: version: '4.2.2', revision: '683ccb65d6'
System info: host: 'JAYABALAJI', ip: '192.168.1.18', os.name: 'Windows 11', os.arch: 'amd64', os.version: '10.0', java.version: '21.0.2'
Driver info: driver.version: unknown
  at CRMTestEnvironment.<init>(CRMTestEnvironment.java:42)
  at CRMTestEnvironment.class(CRMTestEnvironment.java:42)
  while locating CRMTestEnvironment

Learn more:
  https://github.com/google/guice/wiki/ERROR_INJECTING_CONSTRUCTOR

1 error

======================
Full classname legend:
======================
CRMTestEnvironment:     "com.pega.CRMTestEnvironment"
PegaWebDriverException: "com.pega.exceptions.PegaWebDriverException"
========================
End of classname legend:
========================

	at com.google.inject.internal.InternalProvisionException.toProvisionException(InternalProvisionException.java:251)
	at com.google.inject.internal.InjectorImpl$1.get(InjectorImpl.java:1151)
	at com.google.inject.internal.InjectorImpl.getInstance(InjectorImpl.java:1186)
	at io.cucumber.guice.GuiceFactory.getInstance(GuiceFactory.java:83)
	at io.cucumber.java.AbstractGlueDefinition.invokeMethod(AbstractGlueDefinition.java:47)
	at io.cucumber.java.JavaHookDefinition.execute(JavaHookDefinition.java:64)
	at io.cucumber.core.runner.CoreHookDefinition.execute(CoreHookDefinition.java:46)
	at io.cucumber.core.runner.HookDefinitionMatch.runStep(HookDefinitionMatch.java:21)
	at io.cucumber.core.runner.ExecutionMode$1.execute(ExecutionMode.java:10)
	at io.cucumber.core.runner.TestStep.executeStep(TestStep.java:86)
	at io.cucumber.core.runner.TestStep.run(TestStep.java:57)
	at io.cucumber.core.runner.TestCase.run(TestCase.java:89)
	at io.cucumber.core.runner.Runner.runPickle(Runner.java:75)
	at io.cucumber.testng.TestNGCucumberRunner.lambda$runScenario$1(TestNGCucumberRunner.java:132)
	at io.cucumber.core.runtime.CucumberExecutionContext.lambda$runTestCase$3(CucumberExecutionContext.java:151)
	at io.cucumber.core.runtime.RethrowingThrowableCollector.executeAndThrow(RethrowingThrowableCollector.java:23)
	at io.cucumber.core.runtime.CucumberExecutionContext.runTestCase(CucumberExecutionContext.java:151)
	at io.cucumber.testng.TestNGCucumberRunner.runScenario(TestNGCucumberRunner.java:129)
	at io.cucumber.testng.AbstractTestNGCucumberTests.runScenario(AbstractTestNGCucumberTests.java:35)
	at java.base/jdk.internal.reflect.DirectMethodHandleAccessor.invoke(DirectMethodHandleAccessor.java:103)
	at java.base/java.lang.reflect.Method.invoke(Method.java:580)
	at org.testng.internal.MethodInvocationHelper.invokeMethod(MethodInvocationHelper.java:132)
	at org.testng.internal.TestInvoker.invokeMethod(TestInvoker.java:599)
	at org.testng.internal.TestInvoker.invokeTestMethod(TestInvoker.java:174)
	at org.testng.internal.MethodRunner.runInSequence(MethodRunner.java:46)
	at org.testng.internal.TestInvoker$MethodInvocationAgent.invoke(TestInvoker.java:822)
	at org.testng.internal.TestInvoker.invokeTestMethods(TestInvoker.java:147)
	at org.testng.internal.TestMethodWorker.invokeTestMethods(TestMethodWorker.java:146)
	at org.testng.internal.TestMethodWorker.run(TestMethodWorker.java:128)
	at java.base/java.util.ArrayList.forEach(ArrayList.java:1596)
	at org.testng.TestRunner.privateRun(TestRunner.java:764)
	at org.testng.TestRunner.run(TestRunner.java:585)
	at org.testng.SuiteRunner.runTest(SuiteRunner.java:384)
	at org.testng.SuiteRunner.runSequentially(SuiteRunner.java:378)
	at org.testng.SuiteRunner.privateRun(SuiteRunner.java:337)
	at org.testng.SuiteRunner.run(SuiteRunner.java:286)
	at org.testng.SuiteRunnerWorker.runSuite(SuiteRunnerWorker.java:53)
	at org.testng.SuiteRunnerWorker.run(SuiteRunnerWorker.java:96)
	at org.testng.TestNG.runSuitesSequentially(TestNG.java:1218)
	at org.testng.TestNG.runSuitesLocally(TestNG.java:1140)
	at org.testng.TestNG.runSuites(TestNG.java:1069)
	at org.testng.TestNG.run(TestNG.java:1037)
	at org.apache.maven.surefire.testng.TestNGExecutor.run(TestNGExecutor.java:151)
	at org.apache.maven.surefire.testng.TestNGDirectoryTestSuite.executeMulti(TestNGDirectoryTestSuite.java:192)
	at org.apache.maven.surefire.testng.TestNGDirectoryTestSuite.execute(TestNGDirectoryTestSuite.java:93)
	at org.apache.maven.surefire.testng.TestNGProvider.invoke(TestNGProvider.java:155)
	at org.apache.maven.surefire.booter.ForkedBooter.runSuitesInProcess(ForkedBooter.java:456)
	at org.apache.maven.surefire.booter.ForkedBooter.execute(ForkedBooter.java:169)
	at org.apache.maven.surefire.booter.ForkedBooter.run(ForkedBooter.java:595)
	at org.apache.maven.surefire.booter.ForkedBooter.main(ForkedBooter.java:581)
Caused by: com.pega.exceptions.PegaWebDriverException: Please check for Global Settings Properties file path
Build info: version: '4.2.2', revision: '683ccb65d6'
System info: host: 'JAYABALAJI', ip: '192.168.1.18', os.name: 'Windows 11', os.arch: 'amd64', os.version: '10.0', java.version: '21.0.2'
Driver info: driver.version: unknown
	at com.pega.ConfigurationImpl.<init>(ConfigurationImpl.java:62)
	at com.pega.TestEnvironmentImpl.getConfiguration(TestEnvironmentImpl.java:308)
	at com.pega.TestEnvironmentImpl.<init>(TestEnvironmentImpl.java:79)
	at com.pega.config.test.TestBase.<init>(TestBase.java:41)
	at com.pega.CRMTestEnvironment.<init>(CRMTestEnvironment.java:42)
	at com.pega.CRMTestEnvironment$$FastClassByGuice$$2054c.GUICE$TRAMPOLINE(<generated>)
	at com.pega.CRMTestEnvironment$$FastClassByGuice$$2054c.apply(<generated>)
	at com.google.inject.internal.DefaultConstructionProxyFactory$FastClassProxy.newInstance(DefaultConstructionProxyFactory.java:82)
	at com.google.inject.internal.ConstructorInjector.provision(ConstructorInjector.java:114)
	at com.google.inject.internal.ConstructorInjector.construct(ConstructorInjector.java:91)
	at com.google.inject.internal.ConstructorBindingImpl$Factory.get(ConstructorBindingImpl.java:300)
	at com.google.inject.internal.ProviderToInternalFactoryAdapter.get(ProviderToInternalFactoryAdapter.java:40)
	at io.cucumber.guice.SequentialScenarioScope.lambda$scope$0(SequentialScenarioScope.java:40)
	at com.google.inject.internal.InternalFactoryToProviderAdapter.get(InternalFactoryToProviderAdapter.java:45)
	at com.google.inject.internal.InjectorImpl$1.get(InjectorImpl.java:1148)
	... 48 more
Caused by: java.io.FileNotFoundException: Data\GlobalProperties.properties (The system cannot find the file specified)
	at java.base/java.io.FileInputStream.open0(Native Method)
	at java.base/java.io.FileInputStream.open(FileInputStream.java:213)
	at java.base/java.io.FileInputStream.<init>(FileInputStream.java:152)
	at com.pega.ConfigurationImpl.<init>(ConfigurationImpl.java:60)
	... 62 more
]]></failure>
  </testcase>
  <testcase name="runScenario[&quot;Outbound phone call with Address Change and Disconnected Number&quot;, &quot;Optional[Outbound Phone call test cases]&quot;](4)" classname="RunCukesTest" time="0.014">
    <failure message="Unable to provision, see the following errors:&#10;&#10;1) [Guice/ErrorInjectingConstructor]: PegaWebDriverException: Please check for Global Settings Properties file path&#10;Build info: version: &apos;4.2.2&apos;, revision: &apos;683ccb65d6&apos;&#10;System info: host: &apos;JAYABALAJI&apos;, ip: &apos;192.168.1.18&apos;, os.name: &apos;Windows 11&apos;, os.arch: &apos;amd64&apos;, os.version: &apos;10.0&apos;, java.version: &apos;21.0.2&apos;&#10;Driver info: driver.version: unknown&#10;  at CRMTestEnvironment.&lt;init&gt;(CRMTestEnvironment.java:42)&#10;  at CRMTestEnvironment.class(CRMTestEnvironment.java:42)&#10;  while locating CRMTestEnvironment&#10;&#10;Learn more:&#10;  https://github.com/google/guice/wiki/ERROR_INJECTING_CONSTRUCTOR&#10;&#10;1 error&#10;&#10;======================&#10;Full classname legend:&#10;======================&#10;CRMTestEnvironment:     &quot;com.pega.CRMTestEnvironment&quot;&#10;PegaWebDriverException: &quot;com.pega.exceptions.PegaWebDriverException&quot;&#10;========================&#10;End of classname legend:&#10;========================&#10;" type="com.google.inject.ProvisionException"><![CDATA[com.google.inject.ProvisionException: 
Unable to provision, see the following errors:

1) [Guice/ErrorInjectingConstructor]: PegaWebDriverException: Please check for Global Settings Properties file path
Build info: version: '4.2.2', revision: '683ccb65d6'
System info: host: 'JAYABALAJI', ip: '192.168.1.18', os.name: 'Windows 11', os.arch: 'amd64', os.version: '10.0', java.version: '21.0.2'
Driver info: driver.version: unknown
  at CRMTestEnvironment.<init>(CRMTestEnvironment.java:42)
  at CRMTestEnvironment.class(CRMTestEnvironment.java:42)
  while locating CRMTestEnvironment

Learn more:
  https://github.com/google/guice/wiki/ERROR_INJECTING_CONSTRUCTOR

1 error

======================
Full classname legend:
======================
CRMTestEnvironment:     "com.pega.CRMTestEnvironment"
PegaWebDriverException: "com.pega.exceptions.PegaWebDriverException"
========================
End of classname legend:
========================

	at com.google.inject.internal.InternalProvisionException.toProvisionException(InternalProvisionException.java:251)
	at com.google.inject.internal.InjectorImpl$1.get(InjectorImpl.java:1151)
	at com.google.inject.internal.InjectorImpl.getInstance(InjectorImpl.java:1186)
	at io.cucumber.guice.GuiceFactory.getInstance(GuiceFactory.java:83)
	at io.cucumber.java.AbstractGlueDefinition.invokeMethod(AbstractGlueDefinition.java:47)
	at io.cucumber.java.JavaHookDefinition.execute(JavaHookDefinition.java:64)
	at io.cucumber.core.runner.CoreHookDefinition.execute(CoreHookDefinition.java:46)
	at io.cucumber.core.runner.HookDefinitionMatch.runStep(HookDefinitionMatch.java:21)
	at io.cucumber.core.runner.ExecutionMode$1.execute(ExecutionMode.java:10)
	at io.cucumber.core.runner.TestStep.executeStep(TestStep.java:86)
	at io.cucumber.core.runner.TestStep.run(TestStep.java:57)
	at io.cucumber.core.runner.TestCase.run(TestCase.java:89)
	at io.cucumber.core.runner.Runner.runPickle(Runner.java:75)
	at io.cucumber.testng.TestNGCucumberRunner.lambda$runScenario$1(TestNGCucumberRunner.java:132)
	at io.cucumber.core.runtime.CucumberExecutionContext.lambda$runTestCase$3(CucumberExecutionContext.java:151)
	at io.cucumber.core.runtime.RethrowingThrowableCollector.executeAndThrow(RethrowingThrowableCollector.java:23)
	at io.cucumber.core.runtime.CucumberExecutionContext.runTestCase(CucumberExecutionContext.java:151)
	at io.cucumber.testng.TestNGCucumberRunner.runScenario(TestNGCucumberRunner.java:129)
	at io.cucumber.testng.AbstractTestNGCucumberTests.runScenario(AbstractTestNGCucumberTests.java:35)
	at java.base/jdk.internal.reflect.DirectMethodHandleAccessor.invoke(DirectMethodHandleAccessor.java:103)
	at java.base/java.lang.reflect.Method.invoke(Method.java:580)
	at org.testng.internal.MethodInvocationHelper.invokeMethod(MethodInvocationHelper.java:132)
	at org.testng.internal.TestInvoker.invokeMethod(TestInvoker.java:599)
	at org.testng.internal.TestInvoker.invokeTestMethod(TestInvoker.java:174)
	at org.testng.internal.MethodRunner.runInSequence(MethodRunner.java:46)
	at org.testng.internal.TestInvoker$MethodInvocationAgent.invoke(TestInvoker.java:822)
	at org.testng.internal.TestInvoker.invokeTestMethods(TestInvoker.java:147)
	at org.testng.internal.TestMethodWorker.invokeTestMethods(TestMethodWorker.java:146)
	at org.testng.internal.TestMethodWorker.run(TestMethodWorker.java:128)
	at java.base/java.util.ArrayList.forEach(ArrayList.java:1596)
	at org.testng.TestRunner.privateRun(TestRunner.java:764)
	at org.testng.TestRunner.run(TestRunner.java:585)
	at org.testng.SuiteRunner.runTest(SuiteRunner.java:384)
	at org.testng.SuiteRunner.runSequentially(SuiteRunner.java:378)
	at org.testng.SuiteRunner.privateRun(SuiteRunner.java:337)
	at org.testng.SuiteRunner.run(SuiteRunner.java:286)
	at org.testng.SuiteRunnerWorker.runSuite(SuiteRunnerWorker.java:53)
	at org.testng.SuiteRunnerWorker.run(SuiteRunnerWorker.java:96)
	at org.testng.TestNG.runSuitesSequentially(TestNG.java:1218)
	at org.testng.TestNG.runSuitesLocally(TestNG.java:1140)
	at org.testng.TestNG.runSuites(TestNG.java:1069)
	at org.testng.TestNG.run(TestNG.java:1037)
	at org.apache.maven.surefire.testng.TestNGExecutor.run(TestNGExecutor.java:151)
	at org.apache.maven.surefire.testng.TestNGDirectoryTestSuite.executeMulti(TestNGDirectoryTestSuite.java:192)
	at org.apache.maven.surefire.testng.TestNGDirectoryTestSuite.execute(TestNGDirectoryTestSuite.java:93)
	at org.apache.maven.surefire.testng.TestNGProvider.invoke(TestNGProvider.java:155)
	at org.apache.maven.surefire.booter.ForkedBooter.runSuitesInProcess(ForkedBooter.java:456)
	at org.apache.maven.surefire.booter.ForkedBooter.execute(ForkedBooter.java:169)
	at org.apache.maven.surefire.booter.ForkedBooter.run(ForkedBooter.java:595)
	at org.apache.maven.surefire.booter.ForkedBooter.main(ForkedBooter.java:581)
Caused by: com.pega.exceptions.PegaWebDriverException: Please check for Global Settings Properties file path
Build info: version: '4.2.2', revision: '683ccb65d6'
System info: host: 'JAYABALAJI', ip: '192.168.1.18', os.name: 'Windows 11', os.arch: 'amd64', os.version: '10.0', java.version: '21.0.2'
Driver info: driver.version: unknown
	at com.pega.ConfigurationImpl.<init>(ConfigurationImpl.java:62)
	at com.pega.TestEnvironmentImpl.getConfiguration(TestEnvironmentImpl.java:308)
	at com.pega.TestEnvironmentImpl.<init>(TestEnvironmentImpl.java:79)
	at com.pega.config.test.TestBase.<init>(TestBase.java:41)
	at com.pega.CRMTestEnvironment.<init>(CRMTestEnvironment.java:42)
	at com.pega.CRMTestEnvironment$$FastClassByGuice$$2054c.GUICE$TRAMPOLINE(<generated>)
	at com.pega.CRMTestEnvironment$$FastClassByGuice$$2054c.apply(<generated>)
	at com.google.inject.internal.DefaultConstructionProxyFactory$FastClassProxy.newInstance(DefaultConstructionProxyFactory.java:82)
	at com.google.inject.internal.ConstructorInjector.provision(ConstructorInjector.java:114)
	at com.google.inject.internal.ConstructorInjector.construct(ConstructorInjector.java:91)
	at com.google.inject.internal.ConstructorBindingImpl$Factory.get(ConstructorBindingImpl.java:300)
	at com.google.inject.internal.ProviderToInternalFactoryAdapter.get(ProviderToInternalFactoryAdapter.java:40)
	at io.cucumber.guice.SequentialScenarioScope.lambda$scope$0(SequentialScenarioScope.java:40)
	at com.google.inject.internal.InternalFactoryToProviderAdapter.get(InternalFactoryToProviderAdapter.java:45)
	at com.google.inject.internal.InjectorImpl$1.get(InjectorImpl.java:1148)
	... 48 more
Caused by: java.io.FileNotFoundException: Data\GlobalProperties.properties (The system cannot find the file specified)
	at java.base/java.io.FileInputStream.open0(Native Method)
	at java.base/java.io.FileInputStream.open(FileInputStream.java:213)
	at java.base/java.io.FileInputStream.<init>(FileInputStream.java:152)
	at com.pega.ConfigurationImpl.<init>(ConfigurationImpl.java:60)
	... 62 more
]]></failure>
  </testcase>
  <testcase name="runScenario[&quot;Outbound phone call answered with DisputeTransaction&quot;, &quot;Optional[Outbound Phone call test cases]&quot;](5)" classname="RunCukesTest" time="0.019">
    <failure message="Unable to provision, see the following errors:&#10;&#10;1) [Guice/ErrorInjectingConstructor]: PegaWebDriverException: Please check for Global Settings Properties file path&#10;Build info: version: &apos;4.2.2&apos;, revision: &apos;683ccb65d6&apos;&#10;System info: host: &apos;JAYABALAJI&apos;, ip: &apos;192.168.1.18&apos;, os.name: &apos;Windows 11&apos;, os.arch: &apos;amd64&apos;, os.version: &apos;10.0&apos;, java.version: &apos;21.0.2&apos;&#10;Driver info: driver.version: unknown&#10;  at CRMTestEnvironment.&lt;init&gt;(CRMTestEnvironment.java:42)&#10;  at CRMTestEnvironment.class(CRMTestEnvironment.java:42)&#10;  while locating CRMTestEnvironment&#10;&#10;Learn more:&#10;  https://github.com/google/guice/wiki/ERROR_INJECTING_CONSTRUCTOR&#10;&#10;1 error&#10;&#10;======================&#10;Full classname legend:&#10;======================&#10;CRMTestEnvironment:     &quot;com.pega.CRMTestEnvironment&quot;&#10;PegaWebDriverException: &quot;com.pega.exceptions.PegaWebDriverException&quot;&#10;========================&#10;End of classname legend:&#10;========================&#10;" type="com.google.inject.ProvisionException"><![CDATA[com.google.inject.ProvisionException: 
Unable to provision, see the following errors:

1) [Guice/ErrorInjectingConstructor]: PegaWebDriverException: Please check for Global Settings Properties file path
Build info: version: '4.2.2', revision: '683ccb65d6'
System info: host: 'JAYABALAJI', ip: '192.168.1.18', os.name: 'Windows 11', os.arch: 'amd64', os.version: '10.0', java.version: '21.0.2'
Driver info: driver.version: unknown
  at CRMTestEnvironment.<init>(CRMTestEnvironment.java:42)
  at CRMTestEnvironment.class(CRMTestEnvironment.java:42)
  while locating CRMTestEnvironment

Learn more:
  https://github.com/google/guice/wiki/ERROR_INJECTING_CONSTRUCTOR

1 error

======================
Full classname legend:
======================
CRMTestEnvironment:     "com.pega.CRMTestEnvironment"
PegaWebDriverException: "com.pega.exceptions.PegaWebDriverException"
========================
End of classname legend:
========================

	at com.google.inject.internal.InternalProvisionException.toProvisionException(InternalProvisionException.java:251)
	at com.google.inject.internal.InjectorImpl$1.get(InjectorImpl.java:1151)
	at com.google.inject.internal.InjectorImpl.getInstance(InjectorImpl.java:1186)
	at io.cucumber.guice.GuiceFactory.getInstance(GuiceFactory.java:83)
	at io.cucumber.java.AbstractGlueDefinition.invokeMethod(AbstractGlueDefinition.java:47)
	at io.cucumber.java.JavaHookDefinition.execute(JavaHookDefinition.java:64)
	at io.cucumber.core.runner.CoreHookDefinition.execute(CoreHookDefinition.java:46)
	at io.cucumber.core.runner.HookDefinitionMatch.runStep(HookDefinitionMatch.java:21)
	at io.cucumber.core.runner.ExecutionMode$1.execute(ExecutionMode.java:10)
	at io.cucumber.core.runner.TestStep.executeStep(TestStep.java:86)
	at io.cucumber.core.runner.TestStep.run(TestStep.java:57)
	at io.cucumber.core.runner.TestCase.run(TestCase.java:89)
	at io.cucumber.core.runner.Runner.runPickle(Runner.java:75)
	at io.cucumber.testng.TestNGCucumberRunner.lambda$runScenario$1(TestNGCucumberRunner.java:132)
	at io.cucumber.core.runtime.CucumberExecutionContext.lambda$runTestCase$3(CucumberExecutionContext.java:151)
	at io.cucumber.core.runtime.RethrowingThrowableCollector.executeAndThrow(RethrowingThrowableCollector.java:23)
	at io.cucumber.core.runtime.CucumberExecutionContext.runTestCase(CucumberExecutionContext.java:151)
	at io.cucumber.testng.TestNGCucumberRunner.runScenario(TestNGCucumberRunner.java:129)
	at io.cucumber.testng.AbstractTestNGCucumberTests.runScenario(AbstractTestNGCucumberTests.java:35)
	at java.base/jdk.internal.reflect.DirectMethodHandleAccessor.invoke(DirectMethodHandleAccessor.java:103)
	at java.base/java.lang.reflect.Method.invoke(Method.java:580)
	at org.testng.internal.MethodInvocationHelper.invokeMethod(MethodInvocationHelper.java:132)
	at org.testng.internal.TestInvoker.invokeMethod(TestInvoker.java:599)
	at org.testng.internal.TestInvoker.invokeTestMethod(TestInvoker.java:174)
	at org.testng.internal.MethodRunner.runInSequence(MethodRunner.java:46)
	at org.testng.internal.TestInvoker$MethodInvocationAgent.invoke(TestInvoker.java:822)
	at org.testng.internal.TestInvoker.invokeTestMethods(TestInvoker.java:147)
	at org.testng.internal.TestMethodWorker.invokeTestMethods(TestMethodWorker.java:146)
	at org.testng.internal.TestMethodWorker.run(TestMethodWorker.java:128)
	at java.base/java.util.ArrayList.forEach(ArrayList.java:1596)
	at org.testng.TestRunner.privateRun(TestRunner.java:764)
	at org.testng.TestRunner.run(TestRunner.java:585)
	at org.testng.SuiteRunner.runTest(SuiteRunner.java:384)
	at org.testng.SuiteRunner.runSequentially(SuiteRunner.java:378)
	at org.testng.SuiteRunner.privateRun(SuiteRunner.java:337)
	at org.testng.SuiteRunner.run(SuiteRunner.java:286)
	at org.testng.SuiteRunnerWorker.runSuite(SuiteRunnerWorker.java:53)
	at org.testng.SuiteRunnerWorker.run(SuiteRunnerWorker.java:96)
	at org.testng.TestNG.runSuitesSequentially(TestNG.java:1218)
	at org.testng.TestNG.runSuitesLocally(TestNG.java:1140)
	at org.testng.TestNG.runSuites(TestNG.java:1069)
	at org.testng.TestNG.run(TestNG.java:1037)
	at org.apache.maven.surefire.testng.TestNGExecutor.run(TestNGExecutor.java:151)
	at org.apache.maven.surefire.testng.TestNGDirectoryTestSuite.executeMulti(TestNGDirectoryTestSuite.java:192)
	at org.apache.maven.surefire.testng.TestNGDirectoryTestSuite.execute(TestNGDirectoryTestSuite.java:93)
	at org.apache.maven.surefire.testng.TestNGProvider.invoke(TestNGProvider.java:155)
	at org.apache.maven.surefire.booter.ForkedBooter.runSuitesInProcess(ForkedBooter.java:456)
	at org.apache.maven.surefire.booter.ForkedBooter.execute(ForkedBooter.java:169)
	at org.apache.maven.surefire.booter.ForkedBooter.run(ForkedBooter.java:595)
	at org.apache.maven.surefire.booter.ForkedBooter.main(ForkedBooter.java:581)
Caused by: com.pega.exceptions.PegaWebDriverException: Please check for Global Settings Properties file path
Build info: version: '4.2.2', revision: '683ccb65d6'
System info: host: 'JAYABALAJI', ip: '192.168.1.18', os.name: 'Windows 11', os.arch: 'amd64', os.version: '10.0', java.version: '21.0.2'
Driver info: driver.version: unknown
	at com.pega.ConfigurationImpl.<init>(ConfigurationImpl.java:62)
	at com.pega.TestEnvironmentImpl.getConfiguration(TestEnvironmentImpl.java:308)
	at com.pega.TestEnvironmentImpl.<init>(TestEnvironmentImpl.java:79)
	at com.pega.config.test.TestBase.<init>(TestBase.java:41)
	at com.pega.CRMTestEnvironment.<init>(CRMTestEnvironment.java:42)
	at com.pega.CRMTestEnvironment$$FastClassByGuice$$2054c.GUICE$TRAMPOLINE(<generated>)
	at com.pega.CRMTestEnvironment$$FastClassByGuice$$2054c.apply(<generated>)
	at com.google.inject.internal.DefaultConstructionProxyFactory$FastClassProxy.newInstance(DefaultConstructionProxyFactory.java:82)
	at com.google.inject.internal.ConstructorInjector.provision(ConstructorInjector.java:114)
	at com.google.inject.internal.ConstructorInjector.construct(ConstructorInjector.java:91)
	at com.google.inject.internal.ConstructorBindingImpl$Factory.get(ConstructorBindingImpl.java:300)
	at com.google.inject.internal.ProviderToInternalFactoryAdapter.get(ProviderToInternalFactoryAdapter.java:40)
	at io.cucumber.guice.SequentialScenarioScope.lambda$scope$0(SequentialScenarioScope.java:40)
	at com.google.inject.internal.InternalFactoryToProviderAdapter.get(InternalFactoryToProviderAdapter.java:45)
	at com.google.inject.internal.InjectorImpl$1.get(InjectorImpl.java:1148)
	... 48 more
Caused by: java.io.FileNotFoundException: Data\GlobalProperties.properties (The system cannot find the file specified)
	at java.base/java.io.FileInputStream.open0(Native Method)
	at java.base/java.io.FileInputStream.open(FileInputStream.java:213)
	at java.base/java.io.FileInputStream.<init>(FileInputStream.java:152)
	at com.pega.ConfigurationImpl.<init>(ConfigurationImpl.java:60)
	... 62 more
]]></failure>
  </testcase>
  <testcase name="runScenario[&quot;Phone Interaction with email search and Schedule Activity&quot;, &quot;Optional[Phone Interaction Test cases]&quot;](6)" classname="RunCukesTest" time="0.015">
    <failure message="Unable to provision, see the following errors:&#10;&#10;1) [Guice/ErrorInjectingConstructor]: PegaWebDriverException: Please check for Global Settings Properties file path&#10;Build info: version: &apos;4.2.2&apos;, revision: &apos;683ccb65d6&apos;&#10;System info: host: &apos;JAYABALAJI&apos;, ip: &apos;192.168.1.18&apos;, os.name: &apos;Windows 11&apos;, os.arch: &apos;amd64&apos;, os.version: &apos;10.0&apos;, java.version: &apos;21.0.2&apos;&#10;Driver info: driver.version: unknown&#10;  at CRMTestEnvironment.&lt;init&gt;(CRMTestEnvironment.java:42)&#10;  at CRMTestEnvironment.class(CRMTestEnvironment.java:42)&#10;  while locating CRMTestEnvironment&#10;&#10;Learn more:&#10;  https://github.com/google/guice/wiki/ERROR_INJECTING_CONSTRUCTOR&#10;&#10;1 error&#10;&#10;======================&#10;Full classname legend:&#10;======================&#10;CRMTestEnvironment:     &quot;com.pega.CRMTestEnvironment&quot;&#10;PegaWebDriverException: &quot;com.pega.exceptions.PegaWebDriverException&quot;&#10;========================&#10;End of classname legend:&#10;========================&#10;" type="com.google.inject.ProvisionException"><![CDATA[com.google.inject.ProvisionException: 
Unable to provision, see the following errors:

1) [Guice/ErrorInjectingConstructor]: PegaWebDriverException: Please check for Global Settings Properties file path
Build info: version: '4.2.2', revision: '683ccb65d6'
System info: host: 'JAYABALAJI', ip: '192.168.1.18', os.name: 'Windows 11', os.arch: 'amd64', os.version: '10.0', java.version: '21.0.2'
Driver info: driver.version: unknown
  at CRMTestEnvironment.<init>(CRMTestEnvironment.java:42)
  at CRMTestEnvironment.class(CRMTestEnvironment.java:42)
  while locating CRMTestEnvironment

Learn more:
  https://github.com/google/guice/wiki/ERROR_INJECTING_CONSTRUCTOR

1 error

======================
Full classname legend:
======================
CRMTestEnvironment:     "com.pega.CRMTestEnvironment"
PegaWebDriverException: "com.pega.exceptions.PegaWebDriverException"
========================
End of classname legend:
========================

	at com.google.inject.internal.InternalProvisionException.toProvisionException(InternalProvisionException.java:251)
	at com.google.inject.internal.InjectorImpl$1.get(InjectorImpl.java:1151)
	at com.google.inject.internal.InjectorImpl.getInstance(InjectorImpl.java:1186)
	at io.cucumber.guice.GuiceFactory.getInstance(GuiceFactory.java:83)
	at io.cucumber.java.AbstractGlueDefinition.invokeMethod(AbstractGlueDefinition.java:47)
	at io.cucumber.java.JavaHookDefinition.execute(JavaHookDefinition.java:64)
	at io.cucumber.core.runner.CoreHookDefinition.execute(CoreHookDefinition.java:46)
	at io.cucumber.core.runner.HookDefinitionMatch.runStep(HookDefinitionMatch.java:21)
	at io.cucumber.core.runner.ExecutionMode$1.execute(ExecutionMode.java:10)
	at io.cucumber.core.runner.TestStep.executeStep(TestStep.java:86)
	at io.cucumber.core.runner.TestStep.run(TestStep.java:57)
	at io.cucumber.core.runner.TestCase.run(TestCase.java:89)
	at io.cucumber.core.runner.Runner.runPickle(Runner.java:75)
	at io.cucumber.testng.TestNGCucumberRunner.lambda$runScenario$1(TestNGCucumberRunner.java:132)
	at io.cucumber.core.runtime.CucumberExecutionContext.lambda$runTestCase$3(CucumberExecutionContext.java:151)
	at io.cucumber.core.runtime.RethrowingThrowableCollector.executeAndThrow(RethrowingThrowableCollector.java:23)
	at io.cucumber.core.runtime.CucumberExecutionContext.runTestCase(CucumberExecutionContext.java:151)
	at io.cucumber.testng.TestNGCucumberRunner.runScenario(TestNGCucumberRunner.java:129)
	at io.cucumber.testng.AbstractTestNGCucumberTests.runScenario(AbstractTestNGCucumberTests.java:35)
	at java.base/jdk.internal.reflect.DirectMethodHandleAccessor.invoke(DirectMethodHandleAccessor.java:103)
	at java.base/java.lang.reflect.Method.invoke(Method.java:580)
	at org.testng.internal.MethodInvocationHelper.invokeMethod(MethodInvocationHelper.java:132)
	at org.testng.internal.TestInvoker.invokeMethod(TestInvoker.java:599)
	at org.testng.internal.TestInvoker.invokeTestMethod(TestInvoker.java:174)
	at org.testng.internal.MethodRunner.runInSequence(MethodRunner.java:46)
	at org.testng.internal.TestInvoker$MethodInvocationAgent.invoke(TestInvoker.java:822)
	at org.testng.internal.TestInvoker.invokeTestMethods(TestInvoker.java:147)
	at org.testng.internal.TestMethodWorker.invokeTestMethods(TestMethodWorker.java:146)
	at org.testng.internal.TestMethodWorker.run(TestMethodWorker.java:128)
	at java.base/java.util.ArrayList.forEach(ArrayList.java:1596)
	at org.testng.TestRunner.privateRun(TestRunner.java:764)
	at org.testng.TestRunner.run(TestRunner.java:585)
	at org.testng.SuiteRunner.runTest(SuiteRunner.java:384)
	at org.testng.SuiteRunner.runSequentially(SuiteRunner.java:378)
	at org.testng.SuiteRunner.privateRun(SuiteRunner.java:337)
	at org.testng.SuiteRunner.run(SuiteRunner.java:286)
	at org.testng.SuiteRunnerWorker.runSuite(SuiteRunnerWorker.java:53)
	at org.testng.SuiteRunnerWorker.run(SuiteRunnerWorker.java:96)
	at org.testng.TestNG.runSuitesSequentially(TestNG.java:1218)
	at org.testng.TestNG.runSuitesLocally(TestNG.java:1140)
	at org.testng.TestNG.runSuites(TestNG.java:1069)
	at org.testng.TestNG.run(TestNG.java:1037)
	at org.apache.maven.surefire.testng.TestNGExecutor.run(TestNGExecutor.java:151)
	at org.apache.maven.surefire.testng.TestNGDirectoryTestSuite.executeMulti(TestNGDirectoryTestSuite.java:192)
	at org.apache.maven.surefire.testng.TestNGDirectoryTestSuite.execute(TestNGDirectoryTestSuite.java:93)
	at org.apache.maven.surefire.testng.TestNGProvider.invoke(TestNGProvider.java:155)
	at org.apache.maven.surefire.booter.ForkedBooter.runSuitesInProcess(ForkedBooter.java:456)
	at org.apache.maven.surefire.booter.ForkedBooter.execute(ForkedBooter.java:169)
	at org.apache.maven.surefire.booter.ForkedBooter.run(ForkedBooter.java:595)
	at org.apache.maven.surefire.booter.ForkedBooter.main(ForkedBooter.java:581)
Caused by: com.pega.exceptions.PegaWebDriverException: Please check for Global Settings Properties file path
Build info: version: '4.2.2', revision: '683ccb65d6'
System info: host: 'JAYABALAJI', ip: '192.168.1.18', os.name: 'Windows 11', os.arch: 'amd64', os.version: '10.0', java.version: '21.0.2'
Driver info: driver.version: unknown
	at com.pega.ConfigurationImpl.<init>(ConfigurationImpl.java:62)
	at com.pega.TestEnvironmentImpl.getConfiguration(TestEnvironmentImpl.java:308)
	at com.pega.TestEnvironmentImpl.<init>(TestEnvironmentImpl.java:79)
	at com.pega.config.test.TestBase.<init>(TestBase.java:41)
	at com.pega.CRMTestEnvironment.<init>(CRMTestEnvironment.java:42)
	at com.pega.CRMTestEnvironment$$FastClassByGuice$$2054c.GUICE$TRAMPOLINE(<generated>)
	at com.pega.CRMTestEnvironment$$FastClassByGuice$$2054c.apply(<generated>)
	at com.google.inject.internal.DefaultConstructionProxyFactory$FastClassProxy.newInstance(DefaultConstructionProxyFactory.java:82)
	at com.google.inject.internal.ConstructorInjector.provision(ConstructorInjector.java:114)
	at com.google.inject.internal.ConstructorInjector.construct(ConstructorInjector.java:91)
	at com.google.inject.internal.ConstructorBindingImpl$Factory.get(ConstructorBindingImpl.java:300)
	at com.google.inject.internal.ProviderToInternalFactoryAdapter.get(ProviderToInternalFactoryAdapter.java:40)
	at io.cucumber.guice.SequentialScenarioScope.lambda$scope$0(SequentialScenarioScope.java:40)
	at com.google.inject.internal.InternalFactoryToProviderAdapter.get(InternalFactoryToProviderAdapter.java:45)
	at com.google.inject.internal.InjectorImpl$1.get(InjectorImpl.java:1148)
	... 48 more
Caused by: java.io.FileNotFoundException: Data\GlobalProperties.properties (The system cannot find the file specified)
	at java.base/java.io.FileInputStream.open0(Native Method)
	at java.base/java.io.FileInputStream.open(FileInputStream.java:213)
	at java.base/java.io.FileInputStream.<init>(FileInputStream.java:152)
	at com.pega.ConfigurationImpl.<init>(ConfigurationImpl.java:60)
	... 62 more
]]></failure>
  </testcase>
  <testcase name="runScenario[&quot;Dispute transaction with amount low amount&quot;, &quot;Optional[Service Process Test cases]&quot;](7)" classname="RunCukesTest" time="0.014">
    <failure message="Unable to provision, see the following errors:&#10;&#10;1) [Guice/ErrorInjectingConstructor]: PegaWebDriverException: Please check for Global Settings Properties file path&#10;Build info: version: &apos;4.2.2&apos;, revision: &apos;683ccb65d6&apos;&#10;System info: host: &apos;JAYABALAJI&apos;, ip: &apos;192.168.1.18&apos;, os.name: &apos;Windows 11&apos;, os.arch: &apos;amd64&apos;, os.version: &apos;10.0&apos;, java.version: &apos;21.0.2&apos;&#10;Driver info: driver.version: unknown&#10;  at CRMTestEnvironment.&lt;init&gt;(CRMTestEnvironment.java:42)&#10;  at CRMTestEnvironment.class(CRMTestEnvironment.java:42)&#10;  while locating CRMTestEnvironment&#10;&#10;Learn more:&#10;  https://github.com/google/guice/wiki/ERROR_INJECTING_CONSTRUCTOR&#10;&#10;1 error&#10;&#10;======================&#10;Full classname legend:&#10;======================&#10;CRMTestEnvironment:     &quot;com.pega.CRMTestEnvironment&quot;&#10;PegaWebDriverException: &quot;com.pega.exceptions.PegaWebDriverException&quot;&#10;========================&#10;End of classname legend:&#10;========================&#10;" type="com.google.inject.ProvisionException"><![CDATA[com.google.inject.ProvisionException: 
Unable to provision, see the following errors:

1) [Guice/ErrorInjectingConstructor]: PegaWebDriverException: Please check for Global Settings Properties file path
Build info: version: '4.2.2', revision: '683ccb65d6'
System info: host: 'JAYABALAJI', ip: '192.168.1.18', os.name: 'Windows 11', os.arch: 'amd64', os.version: '10.0', java.version: '21.0.2'
Driver info: driver.version: unknown
  at CRMTestEnvironment.<init>(CRMTestEnvironment.java:42)
  at CRMTestEnvironment.class(CRMTestEnvironment.java:42)
  while locating CRMTestEnvironment

Learn more:
  https://github.com/google/guice/wiki/ERROR_INJECTING_CONSTRUCTOR

1 error

======================
Full classname legend:
======================
CRMTestEnvironment:     "com.pega.CRMTestEnvironment"
PegaWebDriverException: "com.pega.exceptions.PegaWebDriverException"
========================
End of classname legend:
========================

	at com.google.inject.internal.InternalProvisionException.toProvisionException(InternalProvisionException.java:251)
	at com.google.inject.internal.InjectorImpl$1.get(InjectorImpl.java:1151)
	at com.google.inject.internal.InjectorImpl.getInstance(InjectorImpl.java:1186)
	at io.cucumber.guice.GuiceFactory.getInstance(GuiceFactory.java:83)
	at io.cucumber.java.AbstractGlueDefinition.invokeMethod(AbstractGlueDefinition.java:47)
	at io.cucumber.java.JavaHookDefinition.execute(JavaHookDefinition.java:64)
	at io.cucumber.core.runner.CoreHookDefinition.execute(CoreHookDefinition.java:46)
	at io.cucumber.core.runner.HookDefinitionMatch.runStep(HookDefinitionMatch.java:21)
	at io.cucumber.core.runner.ExecutionMode$1.execute(ExecutionMode.java:10)
	at io.cucumber.core.runner.TestStep.executeStep(TestStep.java:86)
	at io.cucumber.core.runner.TestStep.run(TestStep.java:57)
	at io.cucumber.core.runner.TestCase.run(TestCase.java:89)
	at io.cucumber.core.runner.Runner.runPickle(Runner.java:75)
	at io.cucumber.testng.TestNGCucumberRunner.lambda$runScenario$1(TestNGCucumberRunner.java:132)
	at io.cucumber.core.runtime.CucumberExecutionContext.lambda$runTestCase$3(CucumberExecutionContext.java:151)
	at io.cucumber.core.runtime.RethrowingThrowableCollector.executeAndThrow(RethrowingThrowableCollector.java:23)
	at io.cucumber.core.runtime.CucumberExecutionContext.runTestCase(CucumberExecutionContext.java:151)
	at io.cucumber.testng.TestNGCucumberRunner.runScenario(TestNGCucumberRunner.java:129)
	at io.cucumber.testng.AbstractTestNGCucumberTests.runScenario(AbstractTestNGCucumberTests.java:35)
	at java.base/jdk.internal.reflect.DirectMethodHandleAccessor.invoke(DirectMethodHandleAccessor.java:103)
	at java.base/java.lang.reflect.Method.invoke(Method.java:580)
	at org.testng.internal.MethodInvocationHelper.invokeMethod(MethodInvocationHelper.java:132)
	at org.testng.internal.TestInvoker.invokeMethod(TestInvoker.java:599)
	at org.testng.internal.TestInvoker.invokeTestMethod(TestInvoker.java:174)
	at org.testng.internal.MethodRunner.runInSequence(MethodRunner.java:46)
	at org.testng.internal.TestInvoker$MethodInvocationAgent.invoke(TestInvoker.java:822)
	at org.testng.internal.TestInvoker.invokeTestMethods(TestInvoker.java:147)
	at org.testng.internal.TestMethodWorker.invokeTestMethods(TestMethodWorker.java:146)
	at org.testng.internal.TestMethodWorker.run(TestMethodWorker.java:128)
	at java.base/java.util.ArrayList.forEach(ArrayList.java:1596)
	at org.testng.TestRunner.privateRun(TestRunner.java:764)
	at org.testng.TestRunner.run(TestRunner.java:585)
	at org.testng.SuiteRunner.runTest(SuiteRunner.java:384)
	at org.testng.SuiteRunner.runSequentially(SuiteRunner.java:378)
	at org.testng.SuiteRunner.privateRun(SuiteRunner.java:337)
	at org.testng.SuiteRunner.run(SuiteRunner.java:286)
	at org.testng.SuiteRunnerWorker.runSuite(SuiteRunnerWorker.java:53)
	at org.testng.SuiteRunnerWorker.run(SuiteRunnerWorker.java:96)
	at org.testng.TestNG.runSuitesSequentially(TestNG.java:1218)
	at org.testng.TestNG.runSuitesLocally(TestNG.java:1140)
	at org.testng.TestNG.runSuites(TestNG.java:1069)
	at org.testng.TestNG.run(TestNG.java:1037)
	at org.apache.maven.surefire.testng.TestNGExecutor.run(TestNGExecutor.java:151)
	at org.apache.maven.surefire.testng.TestNGDirectoryTestSuite.executeMulti(TestNGDirectoryTestSuite.java:192)
	at org.apache.maven.surefire.testng.TestNGDirectoryTestSuite.execute(TestNGDirectoryTestSuite.java:93)
	at org.apache.maven.surefire.testng.TestNGProvider.invoke(TestNGProvider.java:155)
	at org.apache.maven.surefire.booter.ForkedBooter.runSuitesInProcess(ForkedBooter.java:456)
	at org.apache.maven.surefire.booter.ForkedBooter.execute(ForkedBooter.java:169)
	at org.apache.maven.surefire.booter.ForkedBooter.run(ForkedBooter.java:595)
	at org.apache.maven.surefire.booter.ForkedBooter.main(ForkedBooter.java:581)
Caused by: com.pega.exceptions.PegaWebDriverException: Please check for Global Settings Properties file path
Build info: version: '4.2.2', revision: '683ccb65d6'
System info: host: 'JAYABALAJI', ip: '192.168.1.18', os.name: 'Windows 11', os.arch: 'amd64', os.version: '10.0', java.version: '21.0.2'
Driver info: driver.version: unknown
	at com.pega.ConfigurationImpl.<init>(ConfigurationImpl.java:62)
	at com.pega.TestEnvironmentImpl.getConfiguration(TestEnvironmentImpl.java:308)
	at com.pega.TestEnvironmentImpl.<init>(TestEnvironmentImpl.java:79)
	at com.pega.config.test.TestBase.<init>(TestBase.java:41)
	at com.pega.CRMTestEnvironment.<init>(CRMTestEnvironment.java:42)
	at com.pega.CRMTestEnvironment$$FastClassByGuice$$2054c.GUICE$TRAMPOLINE(<generated>)
	at com.pega.CRMTestEnvironment$$FastClassByGuice$$2054c.apply(<generated>)
	at com.google.inject.internal.DefaultConstructionProxyFactory$FastClassProxy.newInstance(DefaultConstructionProxyFactory.java:82)
	at com.google.inject.internal.ConstructorInjector.provision(ConstructorInjector.java:114)
	at com.google.inject.internal.ConstructorInjector.construct(ConstructorInjector.java:91)
	at com.google.inject.internal.ConstructorBindingImpl$Factory.get(ConstructorBindingImpl.java:300)
	at com.google.inject.internal.ProviderToInternalFactoryAdapter.get(ProviderToInternalFactoryAdapter.java:40)
	at io.cucumber.guice.SequentialScenarioScope.lambda$scope$0(SequentialScenarioScope.java:40)
	at com.google.inject.internal.InternalFactoryToProviderAdapter.get(InternalFactoryToProviderAdapter.java:45)
	at com.google.inject.internal.InjectorImpl$1.get(InjectorImpl.java:1148)
	... 48 more
Caused by: java.io.FileNotFoundException: Data\GlobalProperties.properties (The system cannot find the file specified)
	at java.base/java.io.FileInputStream.open0(Native Method)
	at java.base/java.io.FileInputStream.open(FileInputStream.java:213)
	at java.base/java.io.FileInputStream.<init>(FileInputStream.java:152)
	at com.pega.ConfigurationImpl.<init>(ConfigurationImpl.java:60)
	... 62 more
]]></failure>
  </testcase>
</testsuite>